mode: atomic
github.com/CZERTAINLY/CBOM-Repository/internal/env/env.go:23.28,26.16 3 17
github.com/CZERTAINLY/CBOM-Repository/internal/env/env.go:26.16,28.3 1 7
github.com/CZERTAINLY/CBOM-Repository/internal/env/env.go:30.2,30.50 1 10
github.com/CZERTAINLY/CBOM-Repository/internal/env/env.go:30.50,32.3 1 1
github.com/CZERTAINLY/CBOM-Repository/internal/env/env.go:34.2,34.50 1 9
github.com/CZERTAINLY/CBOM-Repository/internal/env/env.go:34.50,36.3 1 1
github.com/CZERTAINLY/CBOM-Repository/internal/env/env.go:38.2,38.53 1 8
github.com/CZERTAINLY/CBOM-Repository/internal/env/env.go:38.53,40.3 1 1
github.com/CZERTAINLY/CBOM-Repository/internal/env/env.go:42.2,42.53 1 7
github.com/CZERTAINLY/CBOM-Repository/internal/env/env.go:42.53,44.3 1 1
github.com/CZERTAINLY/CBOM-Repository/internal/env/env.go:46.2,46.20 1 6
github.com/CZERTAINLY/CBOM-Repository/internal/log/log.go:16.47,20.2 1 4
github.com/CZERTAINLY/CBOM-Repository/internal/log/log.go:22.74,23.51 1 4
github.com/CZERTAINLY/CBOM-Repository/internal/log/log.go:23.51,25.3 1 4
github.com/CZERTAINLY/CBOM-Repository/internal/log/log.go:27.2,27.33 1 4
github.com/CZERTAINLY/CBOM-Repository/internal/log/log.go:30.76,32.21 2 4
github.com/CZERTAINLY/CBOM-Repository/internal/log/log.go:32.21,34.3 1 4
github.com/CZERTAINLY/CBOM-Repository/internal/log/log.go:35.2,36.43 2 4
github.com/CZERTAINLY/CBOM-Repository/internal/http/handler.go:7.41,14.2 4 0
github.com/CZERTAINLY/CBOM-Repository/internal/http/mime.go:10.58,11.42 1 5
github.com/CZERTAINLY/CBOM-Repository/internal/http/mime.go:11.42,13.3 1 1
github.com/CZERTAINLY/CBOM-Repository/internal/http/mime.go:15.2,16.16 2 4
github.com/CZERTAINLY/CBOM-Repository/internal/http/mime.go:16.16,18.3 1 1
github.com/CZERTAINLY/CBOM-Repository/internal/http/mime.go:19.2,19.43 1 3
github.com/CZERTAINLY/CBOM-Repository/internal/http/mime.go:19.43,21.3 1 1
github.com/CZERTAINLY/CBOM-Repository/internal/http/mime.go:22.2,23.9 2 2
github.com/CZERTAINLY/CBOM-Repository/internal/http/mime.go:23.9,25.3 1 1
github.com/CZERTAINLY/CBOM-Repository/internal/http/mime.go:27.2,27.22 1 2
github.com/CZERTAINLY/CBOM-Repository/internal/http/server.go:22.38,26.2 1 0
github.com/CZERTAINLY/CBOM-Repository/internal/http/server.go:28.68,29.18 1 0
github.com/CZERTAINLY/CBOM-Repository/internal/http/server.go:30.23,31.17 1 0
github.com/CZERTAINLY/CBOM-Repository/internal/http/server.go:32.22,33.17 1 0
github.com/CZERTAINLY/CBOM-Repository/internal/http/server.go:34.10,39.9 2 0
github.com/CZERTAINLY/CBOM-Repository/internal/http/server.go:43.64,45.33 1 0
github.com/CZERTAINLY/CBOM-Repository/internal/http/server.go:45.33,50.3 2 0
github.com/CZERTAINLY/CBOM-Repository/internal/http/server.go:53.2,54.9 2 0
github.com/CZERTAINLY/CBOM-Repository/internal/http/server.go:54.9,59.3 2 0
github.com/CZERTAINLY/CBOM-Repository/internal/http/server.go:61.2,61.42 1 0
github.com/CZERTAINLY/CBOM-Repository/internal/http/server.go:61.42,67.3 2 0
github.com/CZERTAINLY/CBOM-Repository/internal/http/server.go:68.2,79.16 4 0
github.com/CZERTAINLY/CBOM-Repository/internal/http/server.go:79.16,80.10 1 0
github.com/CZERTAINLY/CBOM-Repository/internal/http/server.go:81.49,90.10 2 0
github.com/CZERTAINLY/CBOM-Repository/internal/http/server.go:91.46,96.10 2 0
github.com/CZERTAINLY/CBOM-Repository/internal/http/server.go:98.3,103.9 2 0
github.com/CZERTAINLY/CBOM-Repository/internal/http/server.go:105.2,107.55 3 0
github.com/CZERTAINLY/CBOM-Repository/internal/http/server.go:107.55,110.3 2 0
github.com/CZERTAINLY/CBOM-Repository/internal/http/server.go:111.2,115.4 1 0
github.com/CZERTAINLY/CBOM-Repository/internal/http/server.go:118.66,120.32 1 0
github.com/CZERTAINLY/CBOM-Repository/internal/http/server.go:120.32,125.3 2 0
github.com/CZERTAINLY/CBOM-Repository/internal/http/server.go:128.2,129.44 2 0
github.com/CZERTAINLY/CBOM-Repository/internal/http/server.go:129.44,131.30 1 0
github.com/CZERTAINLY/CBOM-Repository/internal/http/server.go:134.2,135.15 2 0
github.com/CZERTAINLY/CBOM-Repository/internal/http/server.go:135.15,141.3 2 0
github.com/CZERTAINLY/CBOM-Repository/internal/http/server.go:143.2,157.16 5 0
github.com/CZERTAINLY/CBOM-Repository/internal/http/server.go:157.16,158.10 1 0
github.com/CZERTAINLY/CBOM-Repository/internal/http/server.go:159.44,161.10 2 0
github.com/CZERTAINLY/CBOM-Repository/internal/http/server.go:163.3,168.9 2 0
github.com/CZERTAINLY/CBOM-Repository/internal/http/server.go:171.2,173.55 3 0
github.com/CZERTAINLY/CBOM-Repository/internal/http/server.go:173.55,176.3 2 0
github.com/CZERTAINLY/CBOM-Repository/internal/http/server.go:177.2,177.36 1 0
github.com/CZERTAINLY/CBOM-Repository/internal/http/server.go:180.64,182.32 1 0
github.com/CZERTAINLY/CBOM-Repository/internal/http/server.go:182.32,187.3 2 0
github.com/CZERTAINLY/CBOM-Repository/internal/http/server.go:188.2,190.36 2 0
github.com/CZERTAINLY/CBOM-Repository/internal/http/server.go:190.36,205.3 2 0
github.com/CZERTAINLY/CBOM-Repository/internal/http/server.go:207.2,208.25 2 0
github.com/CZERTAINLY/CBOM-Repository/internal/http/server.go:208.25,223.3 2 0
github.com/CZERTAINLY/CBOM-Repository/internal/http/server.go:225.2,236.16 4 0
github.com/CZERTAINLY/CBOM-Repository/internal/http/server.go:236.16,243.3 2 0
github.com/CZERTAINLY/CBOM-Repository/internal/http/server.go:245.2,247.55 3 0
github.com/CZERTAINLY/CBOM-Repository/internal/http/server.go:247.55,250.3 2 0
github.com/CZERTAINLY/CBOM-Repository/internal/http/server.go:251.2,251.75 1 0
github.com/CZERTAINLY/CBOM-Repository/internal/service/schema_loader.go:11.107,12.49 1 1
github.com/CZERTAINLY/CBOM-Repository/internal/service/schema_loader.go:12.49,18.17 4 0
github.com/CZERTAINLY/CBOM-Repository/internal/service/schema_loader.go:18.17,20.4 1 0
github.com/CZERTAINLY/CBOM-Repository/internal/service/schema_loader.go:22.3,23.17 2 0
github.com/CZERTAINLY/CBOM-Repository/internal/service/schema_loader.go:23.17,25.4 1 0
github.com/CZERTAINLY/CBOM-Repository/internal/service/schema_loader.go:27.3,27.39 1 0
github.com/CZERTAINLY/CBOM-Repository/internal/service/schema_loader.go:27.39,30.4 2 0
github.com/CZERTAINLY/CBOM-Repository/internal/service/schema_loader.go:32.3,32.24 1 0
github.com/CZERTAINLY/CBOM-Repository/internal/service/service.go:34.56,35.36 1 6
github.com/CZERTAINLY/CBOM-Repository/internal/service/service.go:35.36,37.3 1 1
github.com/CZERTAINLY/CBOM-Repository/internal/service/service.go:38.2,41.29 3 5
github.com/CZERTAINLY/CBOM-Repository/internal/service/service.go:41.29,43.13 2 16
github.com/CZERTAINLY/CBOM-Repository/internal/service/service.go:43.13,45.4 1 3
github.com/CZERTAINLY/CBOM-Repository/internal/service/service.go:46.3,47.26 2 13
github.com/CZERTAINLY/CBOM-Repository/internal/service/service.go:47.26,49.4 1 1
github.com/CZERTAINLY/CBOM-Repository/internal/service/service.go:50.3,50.36 1 12
github.com/CZERTAINLY/CBOM-Repository/internal/service/service.go:52.2,53.12 2 1
github.com/CZERTAINLY/CBOM-Repository/internal/service/service.go:67.58,73.41 3 1
github.com/CZERTAINLY/CBOM-Repository/internal/service/service.go:73.41,77.17 4 1
github.com/CZERTAINLY/CBOM-Repository/internal/service/service.go:77.17,79.4 1 0
github.com/CZERTAINLY/CBOM-Repository/internal/service/service.go:80.3,80.32 1 1
github.com/CZERTAINLY/CBOM-Repository/internal/service/service.go:83.2,88.8 1 1
github.com/CZERTAINLY/CBOM-Repository/internal/service/service.go:91.46,93.2 1 1
github.com/CZERTAINLY/CBOM-Repository/internal/service/service.go:95.56,96.41 1 2
github.com/CZERTAINLY/CBOM-Repository/internal/service/service.go:96.41,98.3 1 1
github.com/CZERTAINLY/CBOM-Repository/internal/service/service.go:99.2,99.14 1 1
github.com/CZERTAINLY/CBOM-Repository/internal/service/service.go:107.77,118.16 5 0
github.com/CZERTAINLY/CBOM-Repository/internal/service/service.go:118.16,120.3 1 0
github.com/CZERTAINLY/CBOM-Repository/internal/service/service.go:122.2,130.24 2 0
github.com/CZERTAINLY/CBOM-Repository/internal/service/service.go:130.24,132.16 2 0
github.com/CZERTAINLY/CBOM-Repository/internal/service/service.go:132.16,136.4 2 0
github.com/CZERTAINLY/CBOM-Repository/internal/service/service.go:137.3,140.5 1 0
github.com/CZERTAINLY/CBOM-Repository/internal/service/service.go:142.2,142.17 1 0
github.com/CZERTAINLY/CBOM-Repository/internal/service/service.go:145.104,152.38 2 0
github.com/CZERTAINLY/CBOM-Repository/internal/service/service.go:152.38,155.10 3 0
github.com/CZERTAINLY/CBOM-Repository/internal/service/service.go:156.42,157.27 1 0
github.com/CZERTAINLY/CBOM-Repository/internal/service/service.go:159.19,160.19 1 0
github.com/CZERTAINLY/CBOM-Repository/internal/service/service.go:163.3,169.72 3 0
github.com/CZERTAINLY/CBOM-Repository/internal/service/service.go:172.2,174.9 3 0
github.com/CZERTAINLY/CBOM-Repository/internal/service/service.go:175.41,176.26 1 0
github.com/CZERTAINLY/CBOM-Repository/internal/service/service.go:178.18,179.18 1 0
github.com/CZERTAINLY/CBOM-Repository/internal/service/service.go:181.2,184.51 3 0
github.com/CZERTAINLY/CBOM-Repository/internal/service/service.go:184.51,187.3 2 0
github.com/CZERTAINLY/CBOM-Repository/internal/service/service.go:189.2,189.20 1 0
github.com/CZERTAINLY/CBOM-Repository/internal/service/upload.go:29.109,33.15 3 0
github.com/CZERTAINLY/CBOM-Repository/internal/service/upload.go:33.15,35.3 1 0
github.com/CZERTAINLY/CBOM-Repository/internal/service/upload.go:37.2,41.45 4 0
github.com/CZERTAINLY/CBOM-Repository/internal/service/upload.go:41.45,44.3 2 0
github.com/CZERTAINLY/CBOM-Repository/internal/service/upload.go:46.2,46.62 1 0
github.com/CZERTAINLY/CBOM-Repository/internal/service/upload.go:46.62,48.3 1 0
github.com/CZERTAINLY/CBOM-Repository/internal/service/upload.go:50.2,51.9 2 0
github.com/CZERTAINLY/CBOM-Repository/internal/service/upload.go:51.9,54.3 1 0
github.com/CZERTAINLY/CBOM-Repository/internal/service/upload.go:56.2,57.20 2 0
github.com/CZERTAINLY/CBOM-Repository/internal/service/upload.go:57.20,59.3 1 0
github.com/CZERTAINLY/CBOM-Repository/internal/service/upload.go:61.2,61.9 1 0
github.com/CZERTAINLY/CBOM-Repository/internal/service/upload.go:62.30,68.7 3 0
github.com/CZERTAINLY/CBOM-Repository/internal/service/upload.go:68.7,72.18 3 0
github.com/CZERTAINLY/CBOM-Repository/internal/service/upload.go:72.18,74.5 1 0
github.com/CZERTAINLY/CBOM-Repository/internal/service/upload.go:75.4,75.15 1 0
github.com/CZERTAINLY/CBOM-Repository/internal/service/upload.go:75.15,76.10 1 0
github.com/CZERTAINLY/CBOM-Repository/internal/service/upload.go:79.3,90.109 4 0
github.com/CZERTAINLY/CBOM-Repository/internal/service/upload.go:90.109,92.4 1 0
github.com/CZERTAINLY/CBOM-Repository/internal/service/upload.go:93.3,103.46 5 0
github.com/CZERTAINLY/CBOM-Repository/internal/service/upload.go:103.46,106.4 2 0
github.com/CZERTAINLY/CBOM-Repository/internal/service/upload.go:108.3,108.114 1 0
github.com/CZERTAINLY/CBOM-Repository/internal/service/upload.go:108.114,110.4 1 0
github.com/CZERTAINLY/CBOM-Repository/internal/service/upload.go:111.3,111.52 1 0
github.com/CZERTAINLY/CBOM-Repository/internal/service/upload.go:113.23,116.17 3 0
github.com/CZERTAINLY/CBOM-Repository/internal/service/upload.go:116.17,118.4 1 0
github.com/CZERTAINLY/CBOM-Repository/internal/service/upload.go:119.3,136.45 7 0
github.com/CZERTAINLY/CBOM-Repository/internal/service/upload.go:136.45,138.4 1 0
github.com/CZERTAINLY/CBOM-Repository/internal/service/upload.go:140.3,140.114 1 0
github.com/CZERTAINLY/CBOM-Repository/internal/service/upload.go:140.114,142.4 1 0
github.com/CZERTAINLY/CBOM-Repository/internal/service/upload.go:143.3,143.52 1 0
github.com/CZERTAINLY/CBOM-Repository/internal/service/upload.go:145.10,150.17 3 0
github.com/CZERTAINLY/CBOM-Repository/internal/service/upload.go:150.17,152.4 1 0
github.com/CZERTAINLY/CBOM-Repository/internal/service/upload.go:153.3,153.13 1 0
github.com/CZERTAINLY/CBOM-Repository/internal/service/upload.go:153.13,158.4 1 0
github.com/CZERTAINLY/CBOM-Repository/internal/service/upload.go:160.3,165.106 2 0
github.com/CZERTAINLY/CBOM-Repository/internal/service/upload.go:165.106,167.4 1 0
github.com/CZERTAINLY/CBOM-Repository/internal/service/upload.go:168.3,168.48 1 0
github.com/CZERTAINLY/CBOM-Repository/internal/service/upload.go:171.2,174.8 1 0
github.com/CZERTAINLY/CBOM-Repository/internal/service/upload.go:179.67,180.36 1 5
github.com/CZERTAINLY/CBOM-Repository/internal/service/upload.go:180.36,182.3 1 2
github.com/CZERTAINLY/CBOM-Repository/internal/service/upload.go:184.2,184.68 1 3
github.com/CZERTAINLY/CBOM-Repository/internal/service/upload.go:184.68,186.3 1 1
github.com/CZERTAINLY/CBOM-Repository/internal/service/upload.go:188.2,189.16 2 2
github.com/CZERTAINLY/CBOM-Repository/internal/service/upload.go:189.16,191.3 1 0
github.com/CZERTAINLY/CBOM-Repository/internal/service/upload.go:192.2,192.35 1 2
github.com/CZERTAINLY/CBOM-Repository/internal/service/upload.go:192.35,194.3 1 1
github.com/CZERTAINLY/CBOM-Repository/internal/service/upload.go:196.2,196.12 1 1
github.com/CZERTAINLY/CBOM-Repository/internal/service/upload.go:204.41,206.20 2 22
github.com/CZERTAINLY/CBOM-Repository/internal/service/upload.go:206.20,208.3 1 4
github.com/CZERTAINLY/CBOM-Repository/internal/service/upload.go:209.2,209.43 1 18
github.com/CZERTAINLY/CBOM-Repository/internal/service/upload.go:209.43,211.3 1 6
github.com/CZERTAINLY/CBOM-Repository/internal/service/upload.go:212.2,212.47 1 12
github.com/CZERTAINLY/CBOM-Repository/internal/service/upload.go:212.47,214.3 1 2
github.com/CZERTAINLY/CBOM-Repository/internal/service/upload.go:215.2,215.13 1 10
github.com/CZERTAINLY/CBOM-Repository/internal/service/upload.go:218.48,220.2 1 0
github.com/CZERTAINLY/CBOM-Repository/internal/service/upload.go:222.43,224.2 1 0
github.com/CZERTAINLY/CBOM-Repository/internal/service/upload.go:226.57,227.11 1 2
github.com/CZERTAINLY/CBOM-Repository/internal/service/upload.go:228.13,229.33 1 0
github.com/CZERTAINLY/CBOM-Repository/internal/service/upload.go:230.13,231.33 1 0
github.com/CZERTAINLY/CBOM-Repository/internal/service/upload.go:232.13,233.33 1 0
github.com/CZERTAINLY/CBOM-Repository/internal/service/upload.go:234.13,235.33 1 0
github.com/CZERTAINLY/CBOM-Repository/internal/service/upload.go:236.13,237.33 1 0
github.com/CZERTAINLY/CBOM-Repository/internal/service/upload.go:238.13,239.33 1 0
github.com/CZERTAINLY/CBOM-Repository/internal/service/upload.go:240.13,241.33 1 2
github.com/CZERTAINLY/CBOM-Repository/internal/service/upload.go:242.10,243.63 1 0
github.com/CZERTAINLY/CBOM-Repository/internal/store/connect.go:13.88,21.16 2 0
github.com/CZERTAINLY/CBOM-Repository/internal/store/connect.go:21.16,23.3 1 0
github.com/CZERTAINLY/CBOM-Repository/internal/store/connect.go:25.2,25.24 1 0
github.com/CZERTAINLY/CBOM-Repository/internal/store/connect.go:25.24,27.3 1 0
github.com/CZERTAINLY/CBOM-Repository/internal/store/connect.go:29.2,30.46 2 0
github.com/CZERTAINLY/CBOM-Repository/internal/store/connect.go:30.46,32.3 1 0
github.com/CZERTAINLY/CBOM-Repository/internal/store/connect.go:34.2,41.16 3 0
github.com/CZERTAINLY/CBOM-Repository/internal/store/connect.go:41.16,43.3 1 0
github.com/CZERTAINLY/CBOM-Repository/internal/store/connect.go:45.2,45.53 1 0
github.com/CZERTAINLY/CBOM-Repository/internal/store/store.go:65.43,70.2 1 2
github.com/CZERTAINLY/CBOM-Repository/internal/store/store.go:72.70,80.2 2 2
github.com/CZERTAINLY/CBOM-Repository/internal/store/store.go:82.72,99.37 8 0
github.com/CZERTAINLY/CBOM-Repository/internal/store/store.go:99.37,100.62 1 0
github.com/CZERTAINLY/CBOM-Repository/internal/store/store.go:100.62,103.4 2 0
github.com/CZERTAINLY/CBOM-Repository/internal/store/store.go:104.3,104.39 1 0
github.com/CZERTAINLY/CBOM-Repository/internal/store/store.go:104.39,105.47 1 0
github.com/CZERTAINLY/CBOM-Repository/internal/store/store.go:105.47,107.5 1 0
github.com/CZERTAINLY/CBOM-Repository/internal/store/store.go:110.2,110.17 1 0
github.com/CZERTAINLY/CBOM-Repository/internal/store/store.go:113.88,129.37 7 0
github.com/CZERTAINLY/CBOM-Repository/internal/store/store.go:129.37,130.62 1 0
github.com/CZERTAINLY/CBOM-Repository/internal/store/store.go:130.62,133.4 2 0
github.com/CZERTAINLY/CBOM-Repository/internal/store/store.go:134.3,134.48 1 0
github.com/CZERTAINLY/CBOM-Repository/internal/store/store.go:137.2,137.23 1 0
github.com/CZERTAINLY/CBOM-Repository/internal/store/store.go:137.23,139.3 1 0
github.com/CZERTAINLY/CBOM-Repository/internal/store/store.go:142.2,144.30 3 0
github.com/CZERTAINLY/CBOM-Repository/internal/store/store.go:144.30,146.13 2 0
github.com/CZERTAINLY/CBOM-Repository/internal/store/store.go:146.13,152.4 2 0
github.com/CZERTAINLY/CBOM-Repository/internal/store/store.go:153.3,153.26 1 0
github.com/CZERTAINLY/CBOM-Repository/internal/store/store.go:153.26,155.12 2 0
github.com/CZERTAINLY/CBOM-Repository/internal/store/store.go:157.3,158.17 2 0
github.com/CZERTAINLY/CBOM-Repository/internal/store/store.go:158.17,165.4 2 0
github.com/CZERTAINLY/CBOM-Repository/internal/store/store.go:166.3,166.25 1 0
github.com/CZERTAINLY/CBOM-Repository/internal/store/store.go:168.2,169.30 2 0
github.com/CZERTAINLY/CBOM-Repository/internal/store/store.go:172.75,186.9 5 0
github.com/CZERTAINLY/CBOM-Repository/internal/store/store.go:187.51,188.26 1 0
github.com/CZERTAINLY/CBOM-Repository/internal/store/store.go:190.18,192.18 2 0
github.com/CZERTAINLY/CBOM-Repository/internal/store/store.go:195.2,195.15 1 0
github.com/CZERTAINLY/CBOM-Repository/internal/store/store.go:195.15,197.3 1 0
github.com/CZERTAINLY/CBOM-Repository/internal/store/store.go:199.2,200.16 2 0
github.com/CZERTAINLY/CBOM-Repository/internal/store/store.go:200.16,203.3 2 0
github.com/CZERTAINLY/CBOM-Repository/internal/store/store.go:205.2,205.15 1 0
github.com/CZERTAINLY/CBOM-Repository/internal/store/store.go:208.73,218.16 3 0
github.com/CZERTAINLY/CBOM-Repository/internal/store/store.go:218.16,220.3 1 0
github.com/CZERTAINLY/CBOM-Repository/internal/store/store.go:222.2,224.49 3 0
github.com/CZERTAINLY/CBOM-Repository/internal/store/store.go:224.49,226.3 1 0
github.com/CZERTAINLY/CBOM-Repository/internal/store/store.go:228.2,229.19 2 0
github.com/CZERTAINLY/CBOM-Repository/internal/store/store.go:232.94,249.16 4 2
github.com/CZERTAINLY/CBOM-Repository/internal/store/store.go:249.16,252.3 2 1
github.com/CZERTAINLY/CBOM-Repository/internal/store/store.go:254.2,254.12 1 1
